\BOOKMARK [0][-]{chapter*.4}{Acknowledgements}{}% 1
\BOOKMARK [0][-]{chapter.1}{The R Package forestinventory: Design-Based Global and Small Area Estimations for Multi-Phase Forest Inventories}{}% 2
\BOOKMARK [1][-]{section.1.1}{Introduction}{chapter.1}% 3
\BOOKMARK [1][-]{section.1.2}{Methods and structure of the package}{chapter.1}% 4
\BOOKMARK [1][-]{section.1.3}{Two-phase estimators and their application}{chapter.1}% 5
\BOOKMARK [1][-]{section.1.4}{Three-phase estimators and their application}{chapter.1}% 6
\BOOKMARK [1][-]{section.1.5}{Calculation of confidence intervals}{chapter.1}% 7
\BOOKMARK [1][-]{section.1.6}{Special cases and scenarios}{chapter.1}% 8
\BOOKMARK [1][-]{section.1.7}{Analysis and visualization}{chapter.1}% 9
\BOOKMARK [1][-]{section.1.8}{Future plans}{chapter.1}% 10
\BOOKMARK [0][-]{chapter.2}{Combining canopy height and tree species map information for large scale timber volume estimations under strong heterogeneity of auxiliary data and variable sample plot sizes}{}% 11
\BOOKMARK [0][-]{chapter.3}{A double-sampling extension of the German National Forest Inventory for design-based small area estimation of timber volume resources on forest district levels}{}% 12
\BOOKMARK [0][-]{chapter.4}{Accuracy Assessment of Timber Volume Maps using Forest Inventory Data and LiDAR Canopy Height Models}{}% 13
\BOOKMARK [1][-]{section.4.1}{Introduction}{chapter.4}% 14
\BOOKMARK [1][-]{section.4.2}{Materials and Methods}{chapter.4}% 15
\BOOKMARK [1][-]{section.4.3}{Results}{chapter.4}% 16
\BOOKMARK [1][-]{section.4.4}{Discussion}{chapter.4}% 17
\BOOKMARK [1][-]{section.4.5}{Conclusion}{chapter.4}% 18
\BOOKMARK [0][-]{chapter*.49}{Bibliography}{}% 19
\BOOKMARK [0][-]{chapter*.50}{Curriculum Vitae}{}% 20
